<?xml version="1.0" encoding="UTF-8"?>
<!-- Generated by org.testng.reporters.JUnitReportReporter -->
<testsuite skipped="0" hostname="LAPTOP-FK7QL8FC" name="practice.new_update" tests="1" failures="0" timestamp="2022-07-18T15:20:25 IST" time="0.023" errors="0">
  <testcase name="newupdate" time="0.023" classname="practice.new_update"/>
  <system-out/>
</testsuite> <!-- practice.new_update -->
