<?xml version="1.0" encoding="UTF-8"?>
<!-- Generated by org.testng.reporters.JUnitReportReporter -->
<testsuite skipped="0" hostname="LAPTOP-FK7QL8FC" name="practice.demo" tests="1" failures="0" timestamp="2022-07-18T12:45:11 IST" time="0.020" errors="0">
  <testcase name="newupdate" time="0.020" classname="practice.demo"/>
  <system-out/>
</testsuite> <!-- practice.demo -->
